Blake --> (IRR, 80) (NIP, 90) (ABS, 59) (ADBS, 64) (PPLS, 96) (DISS, 68) (ES, 55) (IRP, 47) (COC, 48) (IAML, 65)	
Kian --> (DISS, 54) (BIO2, 93) (SLIP, 69) (PM, 86) (ADBS, 42) (TTS, 55) (ABS, 71) (CCN, 83)	
Angel --> (ES, 83) (PPLS, 95) (RTN, 59) (HCI, 99) (AR, 61) (EXC, 53) (SLIP, 98) (AGTA, 80) (ADS, 76)	
Bernard --> (AGTA, 72) (TTS, 91) (AR, 77) (EXC, 77) (DISS, 42) (RTN, 82) (DMR, 84) (PM, 74) (IRP, 40)	
Alberts --> (ES, 42) (TTS, 90) (IRP, 66) (INF2D, 48) (AV, 59) (INF1-CG, 80) (ASR, 70) (ABS, 83) (AGTA, 68)	
Alders --> (SLIP, 82) (TDD, 86) (CT, 73) (INF2D, 81) (HCI, 79) (ADS, 93) (DAPA, 78) (RTN, 87) (DISS, 52) (AGTA, 86) (TTS, 92)	
Allerton --> (TTS, 75) (IRP, 73) (AGTA, 56) (DISS, 55) (AR, 98) (IAML, 42) (PM, 47) (ADS, 86) (AV, 82)	
Allton --> (ANLP, 53) (AV, 87) (ASR, 71) (ADBS, 42) (DAPA, 49) (IRP, 49) (INF2D, 62) (TTS, 44) (PPLS, 47) (AGTA, 60) (RTN, 96) (COC, 66)	
Jake --> (INF1-CG, 87) (CCN, 40) (AR, 92) (INF2D, 51)	
Rhys --> (TTS, 92) (AGTA, 61) (IRP, 75) (CT, 44) (BIO1, 49) (AV, 48) (RTN, 45) (ABS, 72) (ADS, 46) (PPLS, 59) (DMR, 78) (HCI, 76)	
Joel --> (TTS, 61) (COPT, 80) (IJP, 51) (DAPA, 94) (BIO2, 85) (HCI, 83) (RTN, 42) (BIO1, 61)	
Ellis --> (NIP, 53) (IRP, 71) (DISS, 63) (PM, 90) (TTS, 84) (INF2D, 61) (IAML, 59)	
Alewine --> (NIP, 63) (ADS, 94) (COPT, 51)	
Adley --> (EXC, 54) (ASR, 46) (BIO2, 67) (DMR, 64) (DISS, 64) (IRR, 70) (TTS, 79)	
Alsup --> (SLIP, 57) (RTN, 46) (ASR, 93) (IRP, 62) (ES, 57) (TTS, 48) (AV, 98)	
Aldred --> (COPT, 46) (COC, 73) (EXC, 58) (TTS, 43) (IRP, 86) (AGTA, 41) (PM, 100) (BIO1, 71)	
Ainsworth --> (DAPA, 50) (CCN, 46) (PM, 66) (DMR, 75) (SLIP, 55) (ES, 99) (BIO1, 62) (NIP, 88)	
Alsop --> (NIP, 97) (RTN, 92) (CT, 79) (DMR, 86) (ANLP, 94) (AV, 57) (EXC, 41) (DISS, 65) (AR, 54) (INF2D, 79)	
Aldous --> (ASR, 62) (ANLP, 99) (ADS, 41) (IRR, 48) (COC, 75) (IJP, 55)	
Finley --> (TDD, 86) (DISS, 82) (ADBS, 57) (ADS, 92) (INF2D, 63) (PM, 54) (AV, 69) (DAPA, 64) (DMR, 80) (IRP, 48) (ASR, 44)	
