0-DEV (MODIFIED FOR CLUEWEB09)ISPARTOF: CLUEWEB09-ENDESCRIPTION: CLUEWEB09 CRAWL WITH WARC OUTPUTFORMAT: WARC FILE VERSION 0.	
COM                           3   NO WEBSITE SET                     	
COM                           7   NO WEBSITE SET                     	
 WHAT IS THIS? |    CREATE YOUR OWN HOMEPAGE                          &NBSP;CHANGE MY SEARCH TO:      	
                                     PRIVACY                             WE ARE COMMITTED TO PROTECTING             YOUR PRIVACY.	
 WE USE THE INFORMATION WE COLLECT ABOUT YOU TO PROCESS             ORDERS AND TO PROVIDE A MORE PERSONALIZED SHOPPING EXPERIENCE.	
                                                                                                                          CLICK ON THE COLOUR PALETTE TO                                 VIEW THE CHANGES                                                                                                                                                                                    	
                                                                                          CLICK ON THE COLOUR PALETTE TO                                 VIEW THE CHANGES&NBSP;                                                                                                                                                                                                                                                 	
                                     PRIVACY                             WE ARE COMMITTED TO PROTECTING             YOUR PRIVACY.	
 WE USE THE INFORMATION WE COLLECT ABOUT YOU TO PROCESS             ORDERS AND TO PROVIDE A MORE PERSONALIZED SHOPPING EXPERIENCE.	
                                 COPYRIGHT INFORMATION GOES HERE                    	
                                                                                                                                                                                                           IF                                     YOU HAVE A QUESTION ABOUT THE OUR PRODUCT                                     OR ORDERS THAT YOU WANT TO KNOW THEN PLEASE                                     SUBMIT IT HERE.	
                                                                                                                                          FIRST                                                 NAME                                                                                                                                                                                               LAST NAME                                                                                                                                                                                               EMAIL                                                                                                                                                   SUBJECT                                                                                                                                                                                                     MESSAGE                                                                                                                                                                                                 &NBSP;                                                                                                                                                                                                                                                                                                                                                       UNIQUE VENDING CARTS                                       10018 SPANISH ISLES BLVD.	
                                     PRIVACY                             WE ARE COMMITTED TO PROTECTING             YOUR PRIVACY.	
 WE USE THE INFORMATION WE COLLECT ABOUT YOU TO PROCESS             ORDERS AND TO PROVIDE A MORE PERSONALIZED SHOPPING EXPERIENCE.	
VALUE==''){ALERT("PLEASE ENTER YOUR FIRST NAME.	
=''){RETURN VALIDATEEMAIL(FORM1);}RETURN TRUE;}FUNCTION VALIDATEEMAIL(FORM) {  //VALIDATING THE EMAIL FIELD   VAR RE = /^(([^()[\]\\.	
                                                   WELCOME TO THE WORLD       OF      UNIQUE VENDING CARTS.	
                                                                                                                              WELCOME TO UNIQUE                               VENDING CARTS                                                                                                                     WE PROUDLY PRESENT A NEW CONCEPT                                   AND THE MOST INNOVATIVE FOOD CARTS IN THE INDUSTRY.	
                                   OUR CARTS ARE MADE OF FIBERGLASS, ALUMINUM AND                                   STEEL, MAKING THEM STRONG AND LIGHTWEIGHT.	
